===================== >> 30% ================
Stock Size is 3233
=============
AABA
66.59
67.61
42.8
=============


=============
AMAT
47.15
48.53
29.66
=============


=============
CELG
143.78
144.59
109.43
=============


=============
EBAY
38.25
38.87
32.07
=============


1000
=============
FEYE
16.84
17.51
14.37
=============


=============
MSFT
74.21
75.97
57.43
=============


=============
MRVL
18.03
18.67
13.01
=============


=============
MU
35.91
36.6
17.48
=============


2000
=============
NVDA
180.76
191.2
64.95
=============


=============
ON
17.39
17.73
11.71
=============


=============
PYPL
64.63
64.95
40.07
=============


=============
QQQ
144.46
146.59
118.33
=============


=============
SPLS
10.25
10.26
8.54
=============


=============
SYMC
33.04
34.2
25.04
=============


=============
TSLA
366.48
389.61
207.45
=============


=============
TXN
86.05
87.24
68.98
=============


3000
=============
ZNGA
3.87
4.02
2.84
=============


